<?xml version="1.0" encoding="UTF-8"?>
<robot generator="Robot 4.1.2 (Python 3.10.0 on win32)" generated="20220203 20:11:30.815" rpa="false" schemaversion="2">
<suite id="s1" name="Tests" source="C:\GravidadeZERO\yodapp\tests">
<suite id="s1-s1" name="Cadastro" source="C:\GravidadeZERO\yodapp\tests\cadastro.robot">
<test id="s1-s1-t1" name="Deve cadastrar um novo personagem">
<kw name="Start Session" library="base" type="SETUP">
<kw name="New Browser" library="Browser">
<arg>chromium</arg>
<arg>headless=False</arg>
<arg>slowMo=00:00:00</arg>
<tag>BrowserControl</tag>
<tag>Setter</tag>
<doc>Create a new playwright Browser with specified options.</doc>
<msg timestamp="20220203 20:11:32.457" level="INFO">{"browser": "chromium", "headless": false, "handleSIGINT": true, "handleSIGTERM": true, "handleSIGHUP": true, "timeout": 30000.0, "devtools": false, "slowMo": 0.0, "tracesDir": "C:\\GravidadeZERO\\yodapp\\logs\\browser\\traces\\af47c672-f32b-42ca-9cf3-34dca5bcc128"}</msg>
<msg timestamp="20220203 20:11:33.151" level="INFO">Successfully created browser with options: {"browser":"chromium","headless":false,"handleSIGINT":true,"handleSIGTERM":true,"handleSIGHUP":true,"timeout":30000,"devtools":false,"slowMo":0,"tracesDir":"C:\\GravidadeZERO\\yodapp\\logs\\browser\\traces\\af47c672-f32b-42ca-9cf3-34dca5bcc128"}</msg>
<status status="PASS" starttime="20220203 20:11:32.456" endtime="20220203 20:11:33.151"/>
</kw>
<kw name="New Page" library="Browser">
<arg>${BASE_URL}</arg>
<tag>BrowserControl</tag>
<tag>Setter</tag>
<doc>Open a new Page.</doc>
<msg timestamp="20220203 20:11:34.524" level="INFO">Successfully initialized new page object and opened url: https://yodapp-testing.vercel.app</msg>
<msg timestamp="20220203 20:11:34.524" level="INFO">No context was open. New context was automatically opened when this page is created.</msg>
<status status="PASS" starttime="20220203 20:11:33.151" endtime="20220203 20:11:34.524"/>
</kw>
<status status="PASS" starttime="20220203 20:11:32.456" endtime="20220203 20:11:34.524"/>
</kw>
<kw name="Factory Yoda" library="users">
<var>${user}</var>
<msg timestamp="20220203 20:11:34.526" level="INFO">${user} = {'name': 'Mestre Yoda', 'email': 'yoda@jedi.com.br', 'ordem': 'Jedi', 'tpjedi': 'Cavaleiro Jedi', 'bdate': 'janeiro-1996-15', 'instagram': '@yoda'}</msg>
<status status="PASS" starttime="20220203 20:11:34.525" endtime="20220203 20:11:34.526"/>
</kw>
<kw name="Go To User Form" library="actions">
<kw name="Click" library="Browser">
<arg>text=Novo</arg>
<tag>PageContent</tag>
<tag>Setter</tag>
<doc>Simulates mouse click on the element found by ``selector``.</doc>
<status status="PASS" starttime="20220203 20:11:34.526" endtime="20220203 20:11:34.645"/>
</kw>
<kw name="Wait For Elements State" library="Browser">
<arg>css=.card-header-title &gt;&gt; text=Cadastrar novo usuário</arg>
<arg>visible</arg>
<arg>5</arg>
<tag>PageContent</tag>
<tag>Wait</tag>
<doc>Waits for the element found by ``selector`` to satisfy state option.</doc>
<msg timestamp="20220203 20:11:34.835" level="INFO">Waited for Element with selector css=.card-header-title &gt;&gt; text=Cadastrar novo usuário at state visible</msg>
<status status="PASS" starttime="20220203 20:11:34.645" endtime="20220203 20:11:34.835"/>
</kw>
<status status="PASS" starttime="20220203 20:11:34.526" endtime="20220203 20:11:34.835"/>
</kw>
<kw name="Fill User Form" library="actions">
<arg>${user}</arg>
<kw name="Fill Text" library="Browser">
<arg>css=input[name="nome"]</arg>
<arg>${user}[name]</arg>
<tag>PageContent</tag>
<tag>Setter</tag>
<doc>Clears and fills the given ``txt`` into the text field found by ``selector``.</doc>
<msg timestamp="20220203 20:11:34.836" level="INFO">Fills the text 'Mestre Yoda' in the given field.</msg>
<status status="PASS" starttime="20220203 20:11:34.836" endtime="20220203 20:11:34.851"/>
</kw>
<kw name="Fill Text" library="Browser">
<arg>css=input[name="email"]</arg>
<arg>${user}[email]</arg>
<tag>PageContent</tag>
<tag>Setter</tag>
<doc>Clears and fills the given ``txt`` into the text field found by ``selector``.</doc>
<msg timestamp="20220203 20:11:34.851" level="INFO">Fills the text 'yoda@jedi.com.br' in the given field.</msg>
<status status="PASS" starttime="20220203 20:11:34.851" endtime="20220203 20:11:34.887"/>
</kw>
<kw name="Select Options By" library="Browser">
<arg>css=.ordem select</arg>
<arg>text</arg>
<arg>${user}[ordem]</arg>
<tag>PageContent</tag>
<tag>Setter</tag>
<doc>Selects options from select element found by ``selector``.</doc>
<status status="PASS" starttime="20220203 20:11:34.887" endtime="20220203 20:11:34.901"/>
</kw>
<kw name="Select Birth Date" library="actions">
<arg>${user}[bdate]</arg>
<kw name="Split String" library="String">
<var>@{date}</var>
<arg>${text_date}</arg>
<arg>-</arg>
<doc>Splits the ``string`` using ``separator`` as a delimiter string.</doc>
<msg timestamp="20220203 20:11:34.901" level="INFO">@{date} = [ janeiro | 1996 | 15 ]</msg>
<status status="PASS" starttime="20220203 20:11:34.901" endtime="20220203 20:11:34.901"/>
</kw>
<kw name="Select Options By" library="Browser">
<arg>css=.ordem select</arg>
<arg>value</arg>
<arg>1</arg>
<tag>PageContent</tag>
<tag>Setter</tag>
<doc>Selects options from select element found by ``selector``.</doc>
<status status="PASS" starttime="20220203 20:11:34.901" endtime="20220203 20:11:34.917"/>
</kw>
<kw name="Click" library="Browser">
<arg>css=input[name="Data de nascimento"]</arg>
<tag>PageContent</tag>
<tag>Setter</tag>
<doc>Simulates mouse click on the element found by ``selector``.</doc>
<status status="PASS" starttime="20220203 20:11:34.917" endtime="20220203 20:11:35.092"/>
</kw>
<kw name="Select Options By" library="Browser">
<arg>xpath=(//header[@class="datepicker-header"]//select)[1]</arg>
<arg>text</arg>
<arg>${date}[0]</arg>
<tag>PageContent</tag>
<tag>Setter</tag>
<doc>Selects options from select element found by ``selector``.</doc>
<status status="PASS" starttime="20220203 20:11:35.093" endtime="20220203 20:11:35.114"/>
</kw>
<kw name="Select Options By" library="Browser">
<arg>xpath=(//header[@class="datepicker-header"]//select)[2]</arg>
<arg>value</arg>
<arg>${date}[1]</arg>
<tag>PageContent</tag>
<tag>Setter</tag>
<doc>Selects options from select element found by ``selector``.</doc>
<status status="PASS" starttime="20220203 20:11:35.114" endtime="20220203 20:11:35.134"/>
</kw>
<kw name="Click" library="Browser">
<arg>xpath=//a[contains(@class, "datepicker-cell")]//span[text()="${date}[2]"]</arg>
<tag>PageContent</tag>
<tag>Setter</tag>
<doc>Simulates mouse click on the element found by ``selector``.</doc>
<status status="PASS" starttime="20220203 20:11:35.134" endtime="20220203 20:11:35.193"/>
</kw>
<status status="PASS" starttime="20220203 20:11:34.901" endtime="20220203 20:11:35.193"/>
</kw>
<kw name="Fill Text" library="Browser">
<arg>id=insta</arg>
<arg>${user}[instagram]</arg>
<tag>PageContent</tag>
<tag>Setter</tag>
<doc>Clears and fills the given ``txt`` into the text field found by ``selector``.</doc>
<msg timestamp="20220203 20:11:35.193" level="INFO">Fills the text '@yoda' in the given field.</msg>
<status status="PASS" starttime="20220203 20:11:35.193" endtime="20220203 20:11:35.217"/>
</kw>
<status status="PASS" starttime="20220203 20:11:34.835" endtime="20220203 20:11:35.217"/>
</kw>
<kw name="Select Jedi" library="actions">
<arg>${user}[tpjedi]</arg>
<kw name="Click" library="Browser">
<arg>xpath=//input[@value="${tpjedi}"]/..//span[@class="check"]</arg>
<tag>PageContent</tag>
<tag>Setter</tag>
<doc>Simulates mouse click on the element found by ``selector``.</doc>
<status status="PASS" starttime="20220203 20:11:35.219" endtime="20220203 20:11:35.268"/>
</kw>
<status status="PASS" starttime="20220203 20:11:35.218" endtime="20220203 20:11:35.269"/>
</kw>
<kw name="Check Accept comunications" library="actions">
<kw name="Click" library="Browser">
<arg>xpath=//input[@name="comunications"]/../span[@class="check"]</arg>
<tag>PageContent</tag>
<tag>Setter</tag>
<doc>Simulates mouse click on the element found by ``selector``.</doc>
<status status="PASS" starttime="20220203 20:11:35.269" endtime="20220203 20:11:35.355"/>
</kw>
<status status="PASS" starttime="20220203 20:11:35.269" endtime="20220203 20:11:35.355"/>
</kw>
<kw name="Submit User Form" library="actions">
<kw name="Click" library="Browser">
<arg>css=button &gt;&gt; text=Cadastrar</arg>
<tag>PageContent</tag>
<tag>Setter</tag>
<doc>Simulates mouse click on the element found by ``selector``.</doc>
<status status="PASS" starttime="20220203 20:11:35.356" endtime="20220203 20:11:35.411"/>
</kw>
<status status="PASS" starttime="20220203 20:11:35.356" endtime="20220203 20:11:35.411"/>
</kw>
<kw name="Toaster Message Should Be" library="actions">
<arg>Usuário cadastrado com sucesso!</arg>
<kw name="Set Variable" library="BuiltIn">
<var>${element}</var>
<arg>css=.toast div</arg>
<doc>Returns the given values which can then be assigned to a variables.</doc>
<msg timestamp="20220203 20:11:35.412" level="INFO">${element} = css=.toast div</msg>
<status status="PASS" starttime="20220203 20:11:35.412" endtime="20220203 20:11:35.412"/>
</kw>
<kw name="Wait For Elements State" library="Browser">
<arg>${element}</arg>
<arg>visible</arg>
<arg>5</arg>
<tag>PageContent</tag>
<tag>Wait</tag>
<doc>Waits for the element found by ``selector`` to satisfy state option.</doc>
<msg timestamp="20220203 20:11:35.423" level="INFO">Waited for Element with selector css=.toast div at state visible</msg>
<status status="PASS" starttime="20220203 20:11:35.412" endtime="20220203 20:11:35.423"/>
</kw>
<kw name="Get Text" library="Browser">
<arg>${element}</arg>
<arg>equal</arg>
<arg>${expected_message}</arg>
<tag>Assertion</tag>
<tag>Getter</tag>
<tag>PageContent</tag>
<doc>Returns text attribute of the element found by ``selector``.</doc>
<status status="PASS" starttime="20220203 20:11:35.423" endtime="20220203 20:11:35.456"/>
</kw>
<status status="PASS" starttime="20220203 20:11:35.412" endtime="20220203 20:11:35.456"/>
</kw>
<kw name="Go To Home Page" library="actions">
<kw name="Go To" library="Browser">
<arg>${BASE_URL}</arg>
<tag>BrowserControl</tag>
<tag>Setter</tag>
<doc>Navigates to the given ``url``.</doc>
<msg timestamp="20220203 20:11:35.640" level="INFO">Successfully opened URL https://yodapp-testing.vercel.app</msg>
<status status="PASS" starttime="20220203 20:11:35.457" endtime="20220203 20:11:35.640"/>
</kw>
<kw name="Wait For Elements State" library="Browser">
<arg>css=.carousel</arg>
<arg>visible</arg>
<arg>5</arg>
<tag>PageContent</tag>
<tag>Wait</tag>
<doc>Waits for the element found by ``selector`` to satisfy state option.</doc>
<msg timestamp="20220203 20:11:35.652" level="INFO">Waited for Element with selector css=.carousel at state visible</msg>
<status status="PASS" starttime="20220203 20:11:35.640" endtime="20220203 20:11:35.653"/>
</kw>
<status status="PASS" starttime="20220203 20:11:35.456" endtime="20220203 20:11:35.653"/>
</kw>
<kw name="User Should Be Visible" library="actions">
<arg>${user}</arg>
<kw name="Set Variable" library="BuiltIn">
<var>${element}</var>
<arg>xpath=//td[contains(text(), "${user}[email]")]/..</arg>
<doc>Returns the given values which can then be assigned to a variables.</doc>
<msg timestamp="20220203 20:11:35.654" level="INFO">${element} = xpath=//td[contains(text(), "yoda@jedi.com.br")]/..</msg>
<status status="PASS" starttime="20220203 20:11:35.654" endtime="20220203 20:11:35.654"/>
</kw>
<kw name="Wait For Elements State" library="Browser">
<arg>${element}</arg>
<arg>visible</arg>
<arg>5</arg>
<tag>PageContent</tag>
<tag>Wait</tag>
<doc>Waits for the element found by ``selector`` to satisfy state option.</doc>
<msg timestamp="20220203 20:11:35.661" level="INFO">Waited for Element with selector xpath=//td[contains(text(), "yoda@jedi.com.br")]/.. at state visible</msg>
<status status="PASS" starttime="20220203 20:11:35.654" endtime="20220203 20:11:35.662"/>
</kw>
<kw name="Get Text" library="Browser">
<arg>${element}</arg>
<arg>contains</arg>
<arg>${user}[name]</arg>
<tag>Assertion</tag>
<tag>Getter</tag>
<tag>PageContent</tag>
<doc>Returns text attribute of the element found by ``selector``.</doc>
<status status="PASS" starttime="20220203 20:11:35.662" endtime="20220203 20:11:35.677"/>
</kw>
<kw name="Get Text" library="Browser">
<arg>${element}</arg>
<arg>contains</arg>
<arg>${user}[instagram]</arg>
<tag>Assertion</tag>
<tag>Getter</tag>
<tag>PageContent</tag>
<doc>Returns text attribute of the element found by ``selector``.</doc>
<status status="PASS" starttime="20220203 20:11:35.677" endtime="20220203 20:11:35.690"/>
</kw>
<status status="PASS" starttime="20220203 20:11:35.653" endtime="20220203 20:11:35.690"/>
</kw>
<kw name="End Session" library="base" type="TEARDOWN">
<kw name="Take Screenshot" library="Browser">
<tag>PageContent</tag>
<doc>Takes a screenshot of the current window or element and saves it to disk.</doc>
<msg timestamp="20220203 20:11:35.898" level="INFO" html="true">&lt;/td&gt;&lt;/tr&gt;&lt;tr&gt;&lt;td colspan="3"&gt;&lt;a href="browser/screenshot/robotframework-browser-screenshot-1.png"&gt;&lt;img src="browser/screenshot/robotframework-browser-screenshot-1.png" width="800px"&gt;&lt;/a&gt;</msg>
<status status="PASS" starttime="20220203 20:11:35.691" endtime="20220203 20:11:35.899"/>
</kw>
<status status="PASS" starttime="20220203 20:11:35.690" endtime="20220203 20:11:35.899"/>
</kw>
<tag>happy</tag>
<status status="PASS" starttime="20220203 20:11:32.449" endtime="20220203 20:11:35.900"/>
</test>
<test id="s1-s1-t2" name="Email incorreto">
<kw name="Start Session" library="base" type="SETUP">
<kw name="New Browser" library="Browser">
<arg>chromium</arg>
<arg>headless=False</arg>
<arg>slowMo=00:00:00</arg>
<tag>BrowserControl</tag>
<tag>Setter</tag>
<doc>Create a new playwright Browser with specified options.</doc>
<msg timestamp="20220203 20:11:35.965" level="INFO">{"browser": "chromium", "headless": false, "handleSIGINT": true, "handleSIGTERM": true, "handleSIGHUP": true, "timeout": 30000.0, "devtools": false, "slowMo": 0.0, "tracesDir": "C:\\GravidadeZERO\\yodapp\\logs\\browser\\traces\\f78c5177-e38a-4e1d-bcbd-05a9cee05d3e"}</msg>
<msg timestamp="20220203 20:11:36.645" level="INFO">Successfully created browser with options: {"browser":"chromium","headless":false,"handleSIGINT":true,"handleSIGTERM":true,"handleSIGHUP":true,"timeout":30000,"devtools":false,"slowMo":0,"tracesDir":"C:\\GravidadeZERO\\yodapp\\logs\\browser\\traces\\f78c5177-e38a-4e1d-bcbd-05a9cee05d3e"}</msg>
<status status="PASS" starttime="20220203 20:11:35.964" endtime="20220203 20:11:36.645"/>
</kw>
<kw name="New Page" library="Browser">
<arg>${BASE_URL}</arg>
<tag>BrowserControl</tag>
<tag>Setter</tag>
<doc>Open a new Page.</doc>
<msg timestamp="20220203 20:11:37.611" level="INFO">Successfully initialized new page object and opened url: https://yodapp-testing.vercel.app</msg>
<msg timestamp="20220203 20:11:37.611" level="INFO">No context was open. New context was automatically opened when this page is created.</msg>
<status status="PASS" starttime="20220203 20:11:36.646" endtime="20220203 20:11:37.611"/>
</kw>
<status status="PASS" starttime="20220203 20:11:35.964" endtime="20220203 20:11:37.612"/>
</kw>
<kw name="Factory Darth Vader" library="users">
<var>${user}</var>
<msg timestamp="20220203 20:11:37.612" level="INFO">${user} = {'name': 'Darth Vader', 'email': 'vader&amp;gmail.com', 'ordem': 'Sith', 'bdate': 'maio-1998-13', 'instagram': '@vader'}</msg>
<status status="PASS" starttime="20220203 20:11:37.612" endtime="20220203 20:11:37.612"/>
</kw>
<kw name="Go To User Form" library="actions">
<kw name="Click" library="Browser">
<arg>text=Novo</arg>
<tag>PageContent</tag>
<tag>Setter</tag>
<doc>Simulates mouse click on the element found by ``selector``.</doc>
<status status="PASS" starttime="20220203 20:11:37.613" endtime="20220203 20:11:37.727"/>
</kw>
<kw name="Wait For Elements State" library="Browser">
<arg>css=.card-header-title &gt;&gt; text=Cadastrar novo usuário</arg>
<arg>visible</arg>
<arg>5</arg>
<tag>PageContent</tag>
<tag>Wait</tag>
<doc>Waits for the element found by ``selector`` to satisfy state option.</doc>
<msg timestamp="20220203 20:11:37.913" level="INFO">Waited for Element with selector css=.card-header-title &gt;&gt; text=Cadastrar novo usuário at state visible</msg>
<status status="PASS" starttime="20220203 20:11:37.728" endtime="20220203 20:11:37.914"/>
</kw>
<status status="PASS" starttime="20220203 20:11:37.613" endtime="20220203 20:11:37.914"/>
</kw>
<kw name="Fill User Form" library="actions">
<arg>${user}</arg>
<kw name="Fill Text" library="Browser">
<arg>css=input[name="nome"]</arg>
<arg>${user}[name]</arg>
<tag>PageContent</tag>
<tag>Setter</tag>
<doc>Clears and fills the given ``txt`` into the text field found by ``selector``.</doc>
<msg timestamp="20220203 20:11:37.915" level="INFO">Fills the text 'Darth Vader' in the given field.</msg>
<status status="PASS" starttime="20220203 20:11:37.914" endtime="20220203 20:11:37.934"/>
</kw>
<kw name="Fill Text" library="Browser">
<arg>css=input[name="email"]</arg>
<arg>${user}[email]</arg>
<tag>PageContent</tag>
<tag>Setter</tag>
<doc>Clears and fills the given ``txt`` into the text field found by ``selector``.</doc>
<msg timestamp="20220203 20:11:37.934" level="INFO">Fills the text 'vader&amp;gmail.com' in the given field.</msg>
<status status="PASS" starttime="20220203 20:11:37.934" endtime="20220203 20:11:37.950"/>
</kw>
<kw name="Select Options By" library="Browser">
<arg>css=.ordem select</arg>
<arg>text</arg>
<arg>${user}[ordem]</arg>
<tag>PageContent</tag>
<tag>Setter</tag>
<doc>Selects options from select element found by ``selector``.</doc>
<status status="PASS" starttime="20220203 20:11:37.950" endtime="20220203 20:11:37.967"/>
</kw>
<kw name="Select Birth Date" library="actions">
<arg>${user}[bdate]</arg>
<kw name="Split String" library="String">
<var>@{date}</var>
<arg>${text_date}</arg>
<arg>-</arg>
<doc>Splits the ``string`` using ``separator`` as a delimiter string.</doc>
<msg timestamp="20220203 20:11:37.967" level="INFO">@{date} = [ maio | 1998 | 13 ]</msg>
<status status="PASS" starttime="20220203 20:11:37.967" endtime="20220203 20:11:37.967"/>
</kw>
<kw name="Select Options By" library="Browser">
<arg>css=.ordem select</arg>
<arg>value</arg>
<arg>1</arg>
<tag>PageContent</tag>
<tag>Setter</tag>
<doc>Selects options from select element found by ``selector``.</doc>
<status status="PASS" starttime="20220203 20:11:37.967" endtime="20220203 20:11:37.997"/>
</kw>
<kw name="Click" library="Browser">
<arg>css=input[name="Data de nascimento"]</arg>
<tag>PageContent</tag>
<tag>Setter</tag>
<doc>Simulates mouse click on the element found by ``selector``.</doc>
<status status="PASS" starttime="20220203 20:11:37.997" endtime="20220203 20:11:38.192"/>
</kw>
<kw name="Select Options By" library="Browser">
<arg>xpath=(//header[@class="datepicker-header"]//select)[1]</arg>
<arg>text</arg>
<arg>${date}[0]</arg>
<tag>PageContent</tag>
<tag>Setter</tag>
<doc>Selects options from select element found by ``selector``.</doc>
<status status="PASS" starttime="20220203 20:11:38.192" endtime="20220203 20:11:38.216"/>
</kw>
<kw name="Select Options By" library="Browser">
<arg>xpath=(//header[@class="datepicker-header"]//select)[2]</arg>
<arg>value</arg>
<arg>${date}[1]</arg>
<tag>PageContent</tag>
<tag>Setter</tag>
<doc>Selects options from select element found by ``selector``.</doc>
<status status="PASS" starttime="20220203 20:11:38.216" endtime="20220203 20:11:38.244"/>
</kw>
<kw name="Click" library="Browser">
<arg>xpath=//a[contains(@class, "datepicker-cell")]//span[text()="${date}[2]"]</arg>
<tag>PageContent</tag>
<tag>Setter</tag>
<doc>Simulates mouse click on the element found by ``selector``.</doc>
<status status="PASS" starttime="20220203 20:11:38.244" endtime="20220203 20:11:38.299"/>
</kw>
<status status="PASS" starttime="20220203 20:11:37.967" endtime="20220203 20:11:38.300"/>
</kw>
<kw name="Fill Text" library="Browser">
<arg>id=insta</arg>
<arg>${user}[instagram]</arg>
<tag>PageContent</tag>
<tag>Setter</tag>
<doc>Clears and fills the given ``txt`` into the text field found by ``selector``.</doc>
<msg timestamp="20220203 20:11:38.300" level="INFO">Fills the text '@vader' in the given field.</msg>
<status status="PASS" starttime="20220203 20:11:38.300" endtime="20220203 20:11:38.325"/>
</kw>
<status status="PASS" starttime="20220203 20:11:37.914" endtime="20220203 20:11:38.325"/>
</kw>
<kw name="Check Accept comunications" library="actions">
<kw name="Click" library="Browser">
<arg>xpath=//input[@name="comunications"]/../span[@class="check"]</arg>
<tag>PageContent</tag>
<tag>Setter</tag>
<doc>Simulates mouse click on the element found by ``selector``.</doc>
<status status="PASS" starttime="20220203 20:11:38.326" endtime="20220203 20:11:38.473"/>
</kw>
<status status="PASS" starttime="20220203 20:11:38.326" endtime="20220203 20:11:38.473"/>
</kw>
<kw name="Submit User Form" library="actions">
<kw name="Click" library="Browser">
<arg>css=button &gt;&gt; text=Cadastrar</arg>
<tag>PageContent</tag>
<tag>Setter</tag>
<doc>Simulates mouse click on the element found by ``selector``.</doc>
<status status="PASS" starttime="20220203 20:11:38.474" endtime="20220203 20:11:38.520"/>
</kw>
<status status="PASS" starttime="20220203 20:11:38.474" endtime="20220203 20:11:38.521"/>
</kw>
<kw name="Toaster Message Should Be" library="actions">
<arg>Oops! O email é incorreto.</arg>
<kw name="Set Variable" library="BuiltIn">
<var>${element}</var>
<arg>css=.toast div</arg>
<doc>Returns the given values which can then be assigned to a variables.</doc>
<msg timestamp="20220203 20:11:38.522" level="INFO">${element} = css=.toast div</msg>
<status status="PASS" starttime="20220203 20:11:38.521" endtime="20220203 20:11:38.522"/>
</kw>
<kw name="Wait For Elements State" library="Browser">
<arg>${element}</arg>
<arg>visible</arg>
<arg>5</arg>
<tag>PageContent</tag>
<tag>Wait</tag>
<doc>Waits for the element found by ``selector`` to satisfy state option.</doc>
<msg timestamp="20220203 20:11:38.529" level="INFO">Waited for Element with selector css=.toast div at state visible</msg>
<status status="PASS" starttime="20220203 20:11:38.522" endtime="20220203 20:11:38.529"/>
</kw>
<kw name="Get Text" library="Browser">
<arg>${element}</arg>
<arg>equal</arg>
<arg>${expected_message}</arg>
<tag>Assertion</tag>
<tag>Getter</tag>
<tag>PageContent</tag>
<doc>Returns text attribute of the element found by ``selector``.</doc>
<status status="PASS" starttime="20220203 20:11:38.529" endtime="20220203 20:11:38.547"/>
</kw>
<status status="PASS" starttime="20220203 20:11:38.521" endtime="20220203 20:11:38.548"/>
</kw>
<kw name="End Session" library="base" type="TEARDOWN">
<kw name="Take Screenshot" library="Browser">
<tag>PageContent</tag>
<doc>Takes a screenshot of the current window or element and saves it to disk.</doc>
<msg timestamp="20220203 20:11:38.687" level="INFO" html="true">&lt;/td&gt;&lt;/tr&gt;&lt;tr&gt;&lt;td colspan="3"&gt;&lt;a href="browser/screenshot/robotframework-browser-screenshot-2.png"&gt;&lt;img src="browser/screenshot/robotframework-browser-screenshot-2.png" width="800px"&gt;&lt;/a&gt;</msg>
<status status="PASS" starttime="20220203 20:11:38.549" endtime="20220203 20:11:38.687"/>
</kw>
<status status="PASS" starttime="20220203 20:11:38.548" endtime="20220203 20:11:38.687"/>
</kw>
<tag>inv_email</tag>
<status status="PASS" starttime="20220203 20:11:35.960" endtime="20220203 20:11:38.687"/>
</test>
<doc>Suite de testes do cadastro de personagens</doc>
<status status="PASS" starttime="20220203 20:11:30.846" endtime="20220203 20:11:38.740"/>
</suite>
<suite id="s1-s2" name="Online" source="C:\GravidadeZERO\yodapp\tests\online.robot">
<test id="s1-s2-t1" name="Yodapp deve estar online">
<kw name="Start Session" library="base" type="SETUP">
<kw name="New Browser" library="Browser">
<arg>chromium</arg>
<arg>headless=False</arg>
<arg>slowMo=00:00:00</arg>
<tag>BrowserControl</tag>
<tag>Setter</tag>
<doc>Create a new playwright Browser with specified options.</doc>
<msg timestamp="20220203 20:11:38.760" level="INFO">{"browser": "chromium", "headless": false, "handleSIGINT": true, "handleSIGTERM": true, "handleSIGHUP": true, "timeout": 30000.0, "devtools": false, "slowMo": 0.0, "tracesDir": "C:\\GravidadeZERO\\yodapp\\logs\\browser\\traces\\833dcf01-4c86-4800-b62c-5fabac0d1ba7"}</msg>
<msg timestamp="20220203 20:11:39.452" level="INFO">Successfully created browser with options: {"browser":"chromium","headless":false,"handleSIGINT":true,"handleSIGTERM":true,"handleSIGHUP":true,"timeout":30000,"devtools":false,"slowMo":0,"tracesDir":"C:\\GravidadeZERO\\yodapp\\logs\\browser\\traces\\833dcf01-4c86-4800-b62c-5fabac0d1ba7"}</msg>
<status status="PASS" starttime="20220203 20:11:38.759" endtime="20220203 20:11:39.453"/>
</kw>
<kw name="New Page" library="Browser">
<arg>${BASE_URL}</arg>
<tag>BrowserControl</tag>
<tag>Setter</tag>
<doc>Open a new Page.</doc>
<msg timestamp="20220203 20:11:40.454" level="INFO">Successfully initialized new page object and opened url: https://yodapp-testing.vercel.app</msg>
<msg timestamp="20220203 20:11:40.454" level="INFO">No context was open. New context was automatically opened when this page is created.</msg>
<status status="PASS" starttime="20220203 20:11:39.453" endtime="20220203 20:11:40.455"/>
</kw>
<status status="PASS" starttime="20220203 20:11:38.759" endtime="20220203 20:11:40.455"/>
</kw>
<kw name="Get Title" library="Browser">
<arg>equal</arg>
<arg>Yodapp | QAninja</arg>
<tag>Assertion</tag>
<tag>Getter</tag>
<tag>PageContent</tag>
<doc>Returns the title of the current page.</doc>
<status status="PASS" starttime="20220203 20:11:40.456" endtime="20220203 20:11:40.462"/>
</kw>
<kw name="End Session" library="base" type="TEARDOWN">
<kw name="Take Screenshot" library="Browser">
<tag>PageContent</tag>
<doc>Takes a screenshot of the current window or element and saves it to disk.</doc>
<msg timestamp="20220203 20:11:40.723" level="INFO" html="true">&lt;/td&gt;&lt;/tr&gt;&lt;tr&gt;&lt;td colspan="3"&gt;&lt;a href="browser/screenshot/robotframework-browser-screenshot-3.png"&gt;&lt;img src="browser/screenshot/robotframework-browser-screenshot-3.png" width="800px"&gt;&lt;/a&gt;</msg>
<status status="PASS" starttime="20220203 20:11:40.463" endtime="20220203 20:11:40.723"/>
</kw>
<status status="PASS" starttime="20220203 20:11:40.462" endtime="20220203 20:11:40.723"/>
</kw>
<status status="PASS" starttime="20220203 20:11:38.757" endtime="20220203 20:11:40.724"/>
</test>
<test id="s1-s2-t2" name="Deve exibir mensagem de boas vindas">
<kw name="Start Session" library="base" type="SETUP">
<kw name="New Browser" library="Browser">
<arg>chromium</arg>
<arg>headless=False</arg>
<arg>slowMo=00:00:00</arg>
<tag>BrowserControl</tag>
<tag>Setter</tag>
<doc>Create a new playwright Browser with specified options.</doc>
<msg timestamp="20220203 20:11:40.779" level="INFO">{"browser": "chromium", "headless": false, "handleSIGINT": true, "handleSIGTERM": true, "handleSIGHUP": true, "timeout": 30000.0, "devtools": false, "slowMo": 0.0, "tracesDir": "C:\\GravidadeZERO\\yodapp\\logs\\browser\\traces\\4623951a-1a99-4ed8-a1e9-4bc0edaf1179"}</msg>
<msg timestamp="20220203 20:11:41.411" level="INFO">Successfully created browser with options: {"browser":"chromium","headless":false,"handleSIGINT":true,"handleSIGTERM":true,"handleSIGHUP":true,"timeout":30000,"devtools":false,"slowMo":0,"tracesDir":"C:\\GravidadeZERO\\yodapp\\logs\\browser\\traces\\4623951a-1a99-4ed8-a1e9-4bc0edaf1179"}</msg>
<status status="PASS" starttime="20220203 20:11:40.778" endtime="20220203 20:11:41.412"/>
</kw>
<kw name="New Page" library="Browser">
<arg>${BASE_URL}</arg>
<tag>BrowserControl</tag>
<tag>Setter</tag>
<doc>Open a new Page.</doc>
<msg timestamp="20220203 20:11:42.412" level="INFO">Successfully initialized new page object and opened url: https://yodapp-testing.vercel.app</msg>
<msg timestamp="20220203 20:11:42.412" level="INFO">No context was open. New context was automatically opened when this page is created.</msg>
<status status="PASS" starttime="20220203 20:11:41.412" endtime="20220203 20:11:42.413"/>
</kw>
<status status="PASS" starttime="20220203 20:11:40.777" endtime="20220203 20:11:42.413"/>
</kw>
<kw name="Wait For Elements State" library="Browser">
<arg>css=.navbar-item &gt;&gt; text=Que a Força (qualidade) esteja com você!</arg>
<arg>visible</arg>
<arg>5</arg>
<tag>PageContent</tag>
<tag>Wait</tag>
<doc>Waits for the element found by ``selector`` to satisfy state option.</doc>
<msg timestamp="20220203 20:11:42.439" level="INFO">Waited for Element with selector css=.navbar-item &gt;&gt; text=Que a Força (qualidade) esteja com você! at state visible</msg>
<status status="PASS" starttime="20220203 20:11:42.413" endtime="20220203 20:11:42.439"/>
</kw>
<kw name="End Session" library="base" type="TEARDOWN">
<kw name="Take Screenshot" library="Browser">
<tag>PageContent</tag>
<doc>Takes a screenshot of the current window or element and saves it to disk.</doc>
<msg timestamp="20220203 20:11:42.673" level="INFO" html="true">&lt;/td&gt;&lt;/tr&gt;&lt;tr&gt;&lt;td colspan="3"&gt;&lt;a href="browser/screenshot/robotframework-browser-screenshot-4.png"&gt;&lt;img src="browser/screenshot/robotframework-browser-screenshot-4.png" width="800px"&gt;&lt;/a&gt;</msg>
<status status="PASS" starttime="20220203 20:11:42.440" endtime="20220203 20:11:42.673"/>
</kw>
<status status="PASS" starttime="20220203 20:11:42.440" endtime="20220203 20:11:42.673"/>
</kw>
<status status="PASS" starttime="20220203 20:11:40.774" endtime="20220203 20:11:42.673"/>
</test>
<doc>Suite de testes para verificar de o app está online</doc>
<status status="PASS" starttime="20220203 20:11:38.743" endtime="20220203 20:11:42.722"/>
</suite>
<status status="PASS" starttime="20220203 20:11:30.815" endtime="20220203 20:11:42.726"/>
</suite>
<statistics>
<total>
<stat pass="4" fail="0" skip="0">All Tests</stat>
</total>
<tag>
<stat pass="1" fail="0" skip="0">happy</stat>
<stat pass="1" fail="0" skip="0">inv_email</stat>
</tag>
<suite>
<stat pass="4" fail="0" skip="0" id="s1" name="Tests">Tests</stat>
<stat pass="2" fail="0" skip="0" id="s1-s1" name="Cadastro">Tests.Cadastro</stat>
<stat pass="2" fail="0" skip="0" id="s1-s2" name="Online">Tests.Online</stat>
</suite>
</statistics>
<errors>
</errors>
</robot>
